<?xml version="1.0" encoding="UTF-8"?>
<!-- Generated by org.testng.reporters.JUnitReportReporter -->
<testsuite hostname="DESKTOP-88MGC53" failures="1" tests="3" name="cucumberOptions.TestNGTestRunner" time="59.360" errors="0" timestamp="2023-05-07T11:40:59 IST" skipped="0">
  <testcase classname="cucumberOptions.TestNGTestRunner" name="runScenario" time="22.001">
    <failure message="null" type="java.lang.AssertionError">
      <![CDATA[java.lang.AssertionError: null
at org.testng.Assert.fail(Assert.java:110)
at org.testng.Assert.fail(Assert.java:115)
at stepDefinations.OrangeHRMStepDefination.failed_the_test_case(OrangeHRMStepDefination.java:56)
at ✽.failed the test case(file:///C:/Users/DELL/eclipse-workspace-latest/CucumberTestNG3/src/test/java/features/orangeHRM.feature:24)
]]>
    </failure>
  </testcase> <!-- runScenario -->
  <system-out/>
  <testcase classname="cucumberOptions.TestNGTestRunner" name="runScenario" time="17.014"/>
  <system-out/>
  <testcase classname="cucumberOptions.TestNGTestRunner" name="runScenario" time="20.345"/>
  <system-out/>
</testsuite> <!-- cucumberOptions.TestNGTestRunner -->
